<?xml version="1.0" encoding="UTF-8"?>
<!-- Generated by org.testng.reporters.JUnitReportReporter -->
<testsuite hostname="DESKTOP-QJQ0GJI" failures="0" tests="1" name="testNG.script1" time="0.014" errors="0" timestamp="2024-12-03T12:14:08 IST" skipped="0">
  <testcase classname="testNG.script1" name="Testcase" time="0.014">
    <system-out>
      <![CDATA[Hello]]>
    </system-out>
  </testcase> <!-- Testcase -->
  <system-out>
    <![CDATA[Hello]]>
  </system-out>
</testsuite> <!-- testNG.script1 -->
